<?xml version="1.0" encoding="UTF-8"?>
<!-- Generated by org.testng.reporters.JUnitReportReporter -->
<testsuite hostname="DESKTOP-3NRNP42" failures="0" tests="1" name="com.TestLayer.getDemo1" time="1.643" errors="0" timestamp="19 May 2022 15:27:30 GMT">
  <testcase classname="com.TestLayer.getDemo1" name="m1" time="1.643"/>
</testsuite> <!-- com.TestLayer.getDemo1 -->
