<?xml version="1.0" encoding="UTF-8"?>
<!-- Generated by org.testng.reporters.JUnitReportReporter -->
<testsuite hostname="DESKTOP-3NRNP42" failures="0" tests="12" name="com.TestLayer.EndToEndPIMPageFlow" time="0.943" errors="0" timestamp="2022-05-18T20:48:33 IST" skipped="0">
  <testcase classname="com.TestLayer.EndToEndPIMPageFlow" name="validatePOSTReqStatusCode" time="0.012"/>
  <system-out/>
  <testcase classname="com.TestLayer.EndToEndPIMPageFlow" name="validatePOSTReqStatusLine" time="0.000"/>
  <system-out/>
  <testcase classname="com.TestLayer.EndToEndPIMPageFlow" name="validatePOSTReqContentHeader" time="0.001"/>
  <system-out/>
  <testcase classname="com.TestLayer.EndToEndPIMPageFlow" name="validatePOSTReqCaptureId" time="0.747"/>
  <system-out/>
  <testcase classname="com.TestLayer.EndToEndPIMPageFlow" name="getNewlyCreatedUser" time="0.079"/>
  <system-out/>
  <testcase classname="com.TestLayer.EndToEndPIMPageFlow" name="validateStatusLineForGet" time="0.001"/>
  <system-out/>
  <testcase classname="com.TestLayer.EndToEndPIMPageFlow" name="validateResponseBody" time="0.002"/>
  <system-out/>
  <testcase classname="com.TestLayer.EndToEndPIMPageFlow" name="validateContentTypeHeaderUsingGet" time="0.002"/>
  <system-out/>
  <testcase classname="com.TestLayer.EndToEndPIMPageFlow" name="updateWholeEntity" time="0.036"/>
  <system-out/>
  <testcase classname="com.TestLayer.EndToEndPIMPageFlow" name="validateBody" time="0.001"/>
  <system-out/>
  <testcase classname="com.TestLayer.EndToEndPIMPageFlow" name="validateContentTypeHeaderUsingPut" time="0.001"/>
  <system-out/>
  <testcase classname="com.TestLayer.EndToEndPIMPageFlow" name="validateUpdateEntity" time="0.061"/>
  <system-out/>
</testsuite> <!-- com.TestLayer.EndToEndPIMPageFlow -->
