<?xml version="1.0" encoding="UTF-8"?>
<!-- Generated by org.testng.reporters.JUnitReportReporter -->
<testsuite hostname="DESKTOP-3NRNP42" failures="0" tests="4" name="com.TestLayer.PatchDemo2" time="0.043" errors="0" timestamp="2022-05-19T20:13:03 IST" skipped="0">
  <testcase classname="com.TestLayer.PatchDemo2" name="validateStatuCode" time="0.013"/>
  <system-out/>
  <testcase classname="com.TestLayer.PatchDemo2" name="validateStatuLine" time="0.003"/>
  <system-out/>
  <testcase classname="com.TestLayer.PatchDemo2" name="validateUpdateFirstName" time="0.025"/>
  <system-out/>
  <testcase classname="com.TestLayer.PatchDemo2" name="validateContenttypeHeader" time="0.002"/>
  <system-out/>
</testsuite> <!-- com.TestLayer.PatchDemo2 -->
