<?xml version="1.0" encoding="UTF-8"?>
<!-- Generated by org.testng.reporters.JUnitReportReporter -->
<testsuite hostname="DESKTOP-3NRNP42" failures="0" tests="4" name="Tutorial12.postDemo3" time="0.786" errors="0" timestamp="2022-05-20T20:37:47 IST" skipped="0">
  <testcase classname="Tutorial12.postDemo3" name="validateStatusCode" time="0.016"/>
  <system-out/>
  <testcase classname="Tutorial12.postDemo3" name="validateStatusLine" time="0.001"/>
  <system-out/>
  <testcase classname="Tutorial12.postDemo3" name="validateResponseFirstNamePayload" time="0.768"/>
  <system-out/>
  <testcase classname="Tutorial12.postDemo3" name="validateContentTypeHeader" time="0.001"/>
  <system-out/>
</testsuite> <!-- Tutorial12.postDemo3 -->
