<?xml version="1.0" encoding="UTF-8"?>
<!-- Generated by org.testng.reporters.JUnitReportReporter -->
<testsuite hostname="DESKTOP-3NRNP42" failures="0" tests="12" name="com.Utils.EndToEndPIMPageFlow" time="0.225" errors="0" timestamp="2022-05-18T20:54:08 IST" skipped="0">
  <testcase classname="com.Utils.EndToEndPIMPageFlow" name="validatePOSTReqStatusCode" time="0.013"/>
  <system-out/>
  <testcase classname="com.Utils.EndToEndPIMPageFlow" name="validatePOSTReqStatusLine" time="0.001"/>
  <system-out/>
  <testcase classname="com.Utils.EndToEndPIMPageFlow" name="validatePOSTReqContentHeader" time="0.002"/>
  <system-out/>
  <testcase classname="com.Utils.EndToEndPIMPageFlow" name="validatePOSTReqCaptureId" time="0.002"/>
  <system-out/>
  <testcase classname="com.Utils.EndToEndPIMPageFlow" name="getNewlyCreatedUser" time="0.080"/>
  <system-out/>
  <testcase classname="com.Utils.EndToEndPIMPageFlow" name="validateStatusLineForGet" time="0.002"/>
  <system-out/>
  <testcase classname="com.Utils.EndToEndPIMPageFlow" name="validateResponseBody" time="0.020"/>
  <system-out/>
  <testcase classname="com.Utils.EndToEndPIMPageFlow" name="validateContentTypeHeaderUsingGet" time="0.001"/>
  <system-out/>
  <testcase classname="com.Utils.EndToEndPIMPageFlow" name="updateWholeEntity" time="0.047"/>
  <system-out/>
  <testcase classname="com.Utils.EndToEndPIMPageFlow" name="validateBody" time="0.001"/>
  <system-out/>
  <testcase classname="com.Utils.EndToEndPIMPageFlow" name="validateContentTypeHeaderUsingPut" time="0.000"/>
  <system-out/>
  <testcase classname="com.Utils.EndToEndPIMPageFlow" name="validateUpdateEntity" time="0.056"/>
  <system-out/>
</testsuite> <!-- com.Utils.EndToEndPIMPageFlow -->
